<?xml version="1.0" encoding="UTF-8"?>
<testsuite name="io.castelo.main_server.MainServerApplicationTests" tests="1" skipped="0" failures="0" errors="0" timestamp="2024-11-03T18:18:26" hostname="Tiagos-MacBook-Pro.local" time="0.445">
  <properties/>
  <testcase name="contextLoads()" classname="io.castelo.main_server.MainServerApplicationTests" time="0.445"/>
  <system-out><![CDATA[18:18:25.245 [Test worker] INFO org.springframework.test.context.support.AnnotationConfigContextLoaderUtils -- Could not detect default configuration classes for test class [io.castelo.main_server.MainServerApplicationTests]: MainServerApplicationTests does not declare any static, non-private, non-final, nested classes annotated with @Configuration.
18:18:25.312 [Test worker] INFO org.springframework.boot.test.context.SpringBootTestContextBootstrapper -- Found @SpringBootConfiguration io.castelo.main_server.MainServerApplication for test class io.castelo.main_server.MainServerApplicationTests

  .   ____          _            __ _ _
 /\\ / ___'_ __ _ _(_)_ __  __ _ \ \ \ \
( ( )\___ | '_ | '_| | '_ \/ _` | \ \ \ \
 \\/  ___)| |_)| | | | | || (_| |  ) ) ) )
  '  |____| .__|_| |_|_| |_\__, | / / / /
 =========|_|==============|___/=/_/_/_/

 :: Spring Boot ::                (v3.3.5)

2024-11-03T18:18:25.462Z  INFO 78949 --- [main-server] [    Test worker] i.c.m.MainServerApplicationTests         : Starting MainServerApplicationTests using Java 23.0.1 with PID 78949 (started by tiagooliveira in /Users/tiagooliveira/Documents/castelo.io/castelo-io/main-server)
2024-11-03T18:18:25.462Z  INFO 78949 --- [main-server] [    Test worker] i.c.m.MainServerApplicationTests         : No active profile set, falling back to 1 default profile: "default"
2024-11-03T18:18:25.719Z  INFO 78949 --- [main-server] [    Test worker] .s.d.r.c.RepositoryConfigurationDelegate : Bootstrapping Spring Data JDBC repositories in DEFAULT mode.
2024-11-03T18:18:25.726Z  INFO 78949 --- [main-server] [    Test worker] .s.d.r.c.RepositoryConfigurationDelegate : Finished Spring Data repository scanning in 5 ms. Found 0 JDBC repository interfaces.
2024-11-03T18:18:26.106Z  INFO 78949 --- [main-server] [    Test worker] com.zaxxer.hikari.HikariDataSource       : HikariPool-1 - Starting...
2024-11-03T18:18:26.233Z  INFO 78949 --- [main-server] [    Test worker] com.zaxxer.hikari.pool.HikariPool        : HikariPool-1 - Added connection org.postgresql.jdbc.PgConnection@a056b26
2024-11-03T18:18:26.233Z  INFO 78949 --- [main-server] [    Test worker] com.zaxxer.hikari.HikariDataSource       : HikariPool-1 - Start completed.
2024-11-03T18:18:26.335Z  INFO 78949 --- [main-server] [    Test worker] i.c.m.MainServerApplicationTests         : Started MainServerApplicationTests in 0.968 seconds (process running for 1.496)
]]></system-out>
  <system-err><![CDATA[WARNING: A Java agent has been loaded dynamically (/Users/tiagooliveira/.gradle/caches/modules-2/files-2.1/net.bytebuddy/byte-buddy-agent/1.14.19/154da3a65b4f4a909d3e5bdec55d1b2b4cbb6ce1/byte-buddy-agent-1.14.19.jar)
WARNING: If a serviceability tool is in use, please run with -XX:+EnableDynamicAgentLoading to hide this warning
WARNING: If a serviceability tool is not in use, please run with -Djdk.instrument.traceUsage for more information
WARNING: Dynamic loading of agents will be disallowed by default in a future release
]]></system-err>
</testsuite>
